2018-06-18 22:22:02,107 [Thread-1:14368] [django.server:124] [basehttp:log_message] [ERROR]- "POST /api/score/studentrank/ HTTP/1.1" 500 0
2018-06-18 22:22:20,984 [Thread-3:13796] [django.server:124] [basehttp:log_message] [ERROR]- "POST /api/score/studentrank/ HTTP/1.1" 500 0
2018-06-18 22:23:58,285 [Thread-1:2612] [django.server:124] [basehttp:log_message] [INFO]- "POST /api/score/studentrank/ HTTP/1.1" 200 8
2018-06-18 22:25:50,446 [Thread-1:3696] [django.server:124] [basehttp:log_message] [ERROR]- "POST /api/score/studentrank/ HTTP/1.1" 500 0
2018-06-18 22:26:14,285 [Thread-1:10452] [django.server:124] [basehttp:log_message] [INFO]- "POST /api/score/studentrank/ HTTP/1.1" 200 8
2018-06-18 22:26:25,585 [Thread-1:11364] [django.server:124] [basehttp:log_message] [ERROR]- "POST /api/score/studentrank/ HTTP/1.1" 500 0
2018-06-18 22:26:36,629 [Thread-1:13328] [django.server:124] [basehttp:log_message] [ERROR]- "POST /api/score/studentrank/ HTTP/1.1" 500 0
2018-06-18 22:28:31,625 [Thread-1:7736] [django.server:124] [basehttp:log_message] [ERROR]- "POST /api/score/studentrank/ HTTP/1.1" 500 0
2018-06-18 22:43:14,822 [Thread-1:2768] [django.server:124] [basehttp:log_message] [ERROR]- "POST /api/score/studentrank/ HTTP/1.1" 500 0
2018-06-18 22:55:37,744 [Thread-1:13564] [django.server:124] [basehttp:log_message] [ERROR]- "POST /api/score/studentrank/ HTTP/1.1" 500 0
2018-06-18 22:57:36,966 [Thread-1:15112] [django.server:124] [basehttp:log_message] [ERROR]- "POST /api/score/studentrank/ HTTP/1.1" 500 0
2018-06-18 22:58:13,011 [Thread-3:11084] [django.server:124] [basehttp:log_message] [ERROR]- "POST /api/score/studentrank/ HTTP/1.1" 500 0
2018-06-18 23:29:54,791 [Thread-1:8748] [django.server:124] [basehttp:log_message] [INFO]- "POST /api/score/studentrank/ HTTP/1.1" 200 11
2018-06-18 23:35:14,912 [Thread-1:11560] [django.server:124] [basehttp:log_message] [WARNING]- "POST /api/score/updateupdatestudentrank/ HTTP/1.1" 404 108
2018-06-18 23:35:33,913 [Thread-3:5492] [django.server:124] [basehttp:log_message] [ERROR]- "POST /api/score/updatestudentrank/ HTTP/1.1" 500 27
2018-06-18 23:35:38,417 [Thread-4:15356] [django.server:124] [basehttp:log_message] [ERROR]- "POST /api/score/updatestudentrank/ HTTP/1.1" 500 27
2018-06-18 23:36:32,539 [Thread-5:16104] [django.server:124] [basehttp:log_message] [ERROR]- "POST /api/score/updatestudentrank/ HTTP/1.1" 500 27
2018-06-18 23:37:12,484 [Thread-1:4964] [django.server:124] [basehttp:log_message] [INFO]- "POST /api/score/updatestudentrank/ HTTP/1.1" 200 11
2018-06-18 23:37:48,827 [Thread-1:5256] [django.server:124] [basehttp:log_message] [INFO]- "POST /api/score/updatestudentrank/ HTTP/1.1" 200 11
2018-06-18 23:38:02,106 [Thread-1:7940] [django.server:124] [basehttp:log_message] [ERROR]- "POST /api/score/updatestudentrank/ HTTP/1.1" 500 27
2018-06-18 23:38:22,187 [Thread-1:17040] [django.server:124] [basehttp:log_message] [ERROR]- "POST /api/score/updatestudentrank/ HTTP/1.1" 500 27
2018-06-18 23:38:28,650 [Thread-1:11544] [django.server:124] [basehttp:log_message] [ERROR]- "POST /api/score/updatestudentrank/ HTTP/1.1" 500 27
2018-06-18 23:40:27,809 [Thread-1:16252] [django.server:124] [basehttp:log_message] [ERROR]- "POST /api/score/updatestudentrank/ HTTP/1.1" 500 27
2018-06-18 23:40:40,809 [Thread-1:17036] [django.server:124] [basehttp:log_message] [ERROR]- "POST /api/score/updatestudentrank/ HTTP/1.1" 500 27
2018-06-18 23:49:14,518 [Thread-1:8120] [django.server:124] [basehttp:log_message] [ERROR]- "POST /api/score/updatestudentrank/ HTTP/1.1" 500 0
2018-06-18 23:49:17,258 [Thread-3:9592] [django.server:124] [basehttp:log_message] [ERROR]- "POST /api/score/updatestudentrank/ HTTP/1.1" 500 0
2018-06-18 23:49:23,590 [Thread-4:9872] [django.server:124] [basehttp:log_message] [ERROR]- "POST /api/score/updatestudentrank/ HTTP/1.1" 500 0
2018-06-18 23:51:17,692 [Thread-1:7592] [django.server:124] [basehttp:log_message] [ERROR]- "POST /api/score/updatestudentrank/ HTTP/1.1" 500 27
2018-06-18 23:52:29,419 [Thread-10:5492] [django.server:124] [basehttp:log_message] [ERROR]- "POST /api/score/updatestudentrank/ HTTP/1.1" 500 27
2018-06-18 23:55:49,001 [Thread-1:2596] [django.server:124] [basehttp:log_message] [ERROR]- "POST /api/score/updatestudentrank/ HTTP/1.1" 500 27
2018-06-18 23:56:16,732 [Thread-1:2428] [django.server:124] [basehttp:log_message] [INFO]- "POST /api/score/updatestudentrank/ HTTP/1.1" 200 11
2018-06-18 23:56:31,609 [Thread-1:10336] [django.server:124] [basehttp:log_message] [ERROR]- "POST /api/score/updatestudentrank/ HTTP/1.1" 500 27
2018-06-18 23:56:51,378 [Thread-1:15716] [django.server:124] [basehttp:log_message] [INFO]- "POST /api/score/updatestudentrank/ HTTP/1.1" 200 11
2018-06-18 23:57:32,783 [Thread-1:6656] [django.server:124] [basehttp:log_message] [ERROR]- "POST /api/score/updatestudentrank/ HTTP/1.1" 500 27
2018-06-18 23:57:45,992 [Thread-1:16676] [django.server:124] [basehttp:log_message] [INFO]- "POST /api/score/updatestudentrank/ HTTP/1.1" 200 11
2018-06-18 23:58:11,304 [Thread-1:15732] [django.server:124] [basehttp:log_message] [ERROR]- "POST /api/score/updatestudentrank/ HTTP/1.1" 500 27
2018-06-18 23:59:09,781 [Thread-1:11336] [django.server:124] [basehttp:log_message] [INFO]- "POST /api/score/updatestudentrank/ HTTP/1.1" 200 11
2018-06-19 00:01:30,834 [Thread-1:16848] [django.server:124] [basehttp:log_message] [INFO]- "POST /api/score/updatestudentrank/ HTTP/1.1" 200 11
2018-06-19 00:02:10,862 [Thread-1:16416] [django.server:124] [basehttp:log_message] [INFO]- "POST /api/score/updatestudentrank/ HTTP/1.1" 200 11
2018-06-19 00:02:39,773 [Thread-1:7456] [django.server:124] [basehttp:log_message] [ERROR]- "POST /api/score/updatestudentrank/ HTTP/1.1" 500 0
2018-06-19 00:04:14,026 [Thread-1:16100] [django.server:124] [basehttp:log_message] [ERROR]- "POST /api/score/updatestudentrank/ HTTP/1.1" 500 0
2018-06-19 00:06:21,447 [Thread-1:12420] [django.server:124] [basehttp:log_message] [ERROR]- "POST /api/score/updatestudentrank/ HTTP/1.1" 500 0
2018-06-19 00:07:06,199 [Thread-1:15872] [django.server:124] [basehttp:log_message] [INFO]- "POST /api/score/updatestudentrank/ HTTP/1.1" 200 11
2018-06-19 00:07:23,792 [Thread-1:16656] [django.server:124] [basehttp:log_message] [INFO]- "POST /api/score/updatestudentrank/ HTTP/1.1" 200 11
2018-06-19 00:07:42,043 [Thread-1:5736] [django.server:124] [basehttp:log_message] [ERROR]- "POST /api/score/updatestudentrank/ HTTP/1.1" 500 0
2018-06-19 00:45:11,539 [Thread-1:16572] [django.server:124] [basehttp:log_message] [ERROR]- "POST /api/score/updatestudentrank/ HTTP/1.1" 500 0
2018-06-19 00:47:47,075 [Thread-1:12884] [django.server:124] [basehttp:log_message] [ERROR]- "POST /api/score/updatestudentrank/ HTTP/1.1" 500 0
2018-06-19 00:48:56,627 [Thread-1:2428] [django.server:124] [basehttp:log_message] [ERROR]- "POST /api/score/updatestudentrank/ HTTP/1.1" 500 0
2018-06-19 00:52:19,873 [Thread-1:1612] [django.server:124] [basehttp:log_message] [ERROR]- "POST /api/score/updatestudentrank/ HTTP/1.1" 500 0
2018-06-19 00:52:55,256 [Thread-1:13944] [django.server:124] [basehttp:log_message] [ERROR]- "POST /api/score/updatestudentrank/ HTTP/1.1" 500 0
2018-06-19 01:03:20,330 [Thread-1:1192] [django.server:124] [basehttp:log_message] [ERROR]- "POST /api/score/updatestudentrank/ HTTP/1.1" 500 0
2018-06-19 01:20:24,775 [Thread-1:10612] [django.server:124] [basehttp:log_message] [ERROR]- "POST /api/score/updatestudentrank/ HTTP/1.1" 500 0
2018-06-19 01:20:50,716 [Thread-1:12648] [django.server:124] [basehttp:log_message] [ERROR]- "POST /api/score/updatestudentrank/ HTTP/1.1" 500 0
2018-06-19 01:23:34,291 [Thread-1:13664] [django.server:124] [basehttp:log_message] [ERROR]- "POST /api/score/updatestudentrank/ HTTP/1.1" 500 0
2018-06-19 01:24:01,708 [Thread-1:8084] [django.server:124] [basehttp:log_message] [ERROR]- "POST /api/score/updatestudentrank/ HTTP/1.1" 500 0
2018-06-19 01:24:31,897 [Thread-1:12352] [django.server:124] [basehttp:log_message] [ERROR]- "POST /api/score/updatestudentrank/ HTTP/1.1" 500 0
2018-06-19 01:24:44,640 [Thread-1:15396] [django.server:124] [basehttp:log_message] [ERROR]- "POST /api/score/updatestudentrank/ HTTP/1.1" 500 0
2018-06-19 01:25:30,570 [Thread-1:12984] [django.server:124] [basehttp:log_message] [ERROR]- "POST /api/score/updatestudentrank/ HTTP/1.1" 500 0
2018-06-19 01:26:12,678 [Thread-1:12832] [django.server:124] [basehttp:log_message] [ERROR]- "POST /api/score/updatestudentrank/ HTTP/1.1" 500 0
2018-06-19 01:26:33,140 [Thread-1:16316] [django.server:124] [basehttp:log_message] [ERROR]- "POST /api/score/updatestudentrank/ HTTP/1.1" 500 0
2018-06-19 01:27:24,985 [Thread-1:17160] [django.server:124] [basehttp:log_message] [ERROR]- "POST /api/score/updatestudentrank/ HTTP/1.1" 500 0
2018-06-19 01:32:39,486 [Thread-1:13672] [django.server:124] [basehttp:log_message] [ERROR]- "POST /api/score/updatestudentrank/ HTTP/1.1" 500 0
2018-06-19 01:43:57,672 [Thread-1:11164] [django.server:124] [basehttp:log_message] [INFO]- "POST /api/score/updatestudentrank/ HTTP/1.1" 200 0
2018-06-19 01:44:25,560 [Thread-3:6140] [django.server:124] [basehttp:log_message] [INFO]- "POST /api/score/updatestudentrank/ HTTP/1.1" 200 0
2018-06-19 01:44:42,363 [Thread-4:808] [django.server:124] [basehttp:log_message] [INFO]- "POST /api/score/updatestudentrank/ HTTP/1.1" 200 0
2018-06-19 01:45:09,629 [Thread-5:4972] [django.server:124] [basehttp:log_message] [INFO]- "POST /api/score/updatestudentrank/ HTTP/1.1" 200 0
2018-06-19 01:45:16,131 [Thread-1:15692] [django.server:124] [basehttp:log_message] [INFO]- "POST /api/score/updatestudentrank/ HTTP/1.1" 200 0
2018-06-19 01:46:17,561 [Thread-1:7392] [django.server:124] [basehttp:log_message] [INFO]- "POST /api/score/updatestudentrank/ HTTP/1.1" 200 0
2018-06-19 01:47:01,740 [Thread-1:16824] [django.server:124] [basehttp:log_message] [INFO]- "POST /api/score/updatestudentrank/ HTTP/1.1" 200 11
2018-06-19 01:58:41,710 [Thread-1:9452] [django.server:124] [basehttp:log_message] [INFO]- "POST /api/score/updatestudentrank/ HTTP/1.1" 200 0
2018-06-19 01:59:56,804 [Thread-3:12080] [django.server:124] [basehttp:log_message] [ERROR]- "POST /api/score/studentrank/ HTTP/1.1" 500 0
2018-06-19 02:00:49,271 [Thread-1:8144] [django.server:124] [basehttp:log_message] [INFO]- "POST /api/score/studentrank/ HTTP/1.1" 200 11
2018-06-19 02:02:51,409 [Thread-3:14128] [django.server:124] [basehttp:log_message] [ERROR]- "POST /api/score/updatestudentrank/ HTTP/1.1" 500 0
2018-06-19 02:09:40,452 [Thread-1:13088] [django.server:124] [basehttp:log_message] [INFO]- "POST /api/score/updatestudentrank/ HTTP/1.1" 200 0
2018-06-19 02:11:08,404 [Thread-1:4972] [django.server:124] [basehttp:log_message] [INFO]- "POST /api/score/updatestudentrank/ HTTP/1.1" 200 0
2018-06-19 02:13:11,919 [Thread-1:7660] [django.server:124] [basehttp:log_message] [INFO]- "POST /api/score/updatestudentrank/ HTTP/1.1" 200 0
