0 info it worked if it ends with ok
1 verbose cli [ '/usr/local/Cellar/node/7.7.3/bin/node',
1 verbose cli   '/usr/local/bin/npm',
1 verbose cli   'start' ]
2 info using npm@4.1.2
3 info using node@v7.7.3
4 verbose run-script [ 'prestart', 'start', 'poststart' ]
5 info lifecycle redux-easy-boilerplate@1.3.3~prestart: redux-easy-boilerplate@1.3.3
6 silly lifecycle redux-easy-boilerplate@1.3.3~prestart: no script for prestart, continuing
7 info lifecycle redux-easy-boilerplate@1.3.3~start: redux-easy-boilerplate@1.3.3
8 verbose lifecycle redux-easy-boilerplate@1.3.3~start: unsafe-perm in lifecycle true
9 verbose lifecycle redux-easy-boilerplate@1.3.3~start: PATH: /usr/local/lib/node_modules/npm/bin/node-gyp-bin:/Users/cheriewang/Documents/React-Redux-Flask/static/node_modules/.bin:/Library/Java/JavaVirtualMachines/jdk1.8.0_144.jdk/Contents/Home/bin:/usr/local/opt/flex/bin:/opt/spark/bin:{/Library/Frameworks/Python.framework/Versions/2.7/bin:/Library/Frameworks/Python.framework/Versions/2.7/bin:/Library/Frameworks/Python.framework/Versions/3.6/bin:/usr/local/bin:/usr/bin:/bin:/usr/sbin:/sbin:/Library/TeX/texbin:/Applications/Wireshark.app/Contents/MacOS:/usr/local/mysql/bin:/Users/cheriewang/anaconda3/bin}::
10 verbose lifecycle redux-easy-boilerplate@1.3.3~start: CWD: /Users/cheriewang/Documents/React-Redux-Flask/static
11 silly lifecycle redux-easy-boilerplate@1.3.3~start: Args: [ '-c', 'node bin/server.js' ]
12 silly lifecycle redux-easy-boilerplate@1.3.3~start: Returned: code: 1  signal: null
13 info lifecycle redux-easy-boilerplate@1.3.3~start: Failed to exec start script
14 verbose stack Error: redux-easy-boilerplate@1.3.3 start: `node bin/server.js`
14 verbose stack Exit status 1
14 verbose stack     at EventEmitter.<anonymous> (/usr/local/lib/node_modules/npm/lib/utils/lifecycle.js:279:16)
14 verbose stack     at emitTwo (events.js:106:13)
14 verbose stack     at EventEmitter.emit (events.js:194:7)
14 verbose stack     at ChildProcess.<anonymous> (/usr/local/lib/node_modules/npm/lib/utils/spawn.js:40:14)
14 verbose stack     at emitTwo (events.js:106:13)
14 verbose stack     at ChildProcess.emit (events.js:194:7)
14 verbose stack     at maybeClose (internal/child_process.js:899:16)
14 verbose stack     at Process.ChildProcess._handle.onexit (internal/child_process.js:226:5)
15 verbose pkgid redux-easy-boilerplate@1.3.3
16 verbose cwd /Users/cheriewang/Documents/React-Redux-Flask/static
17 error Darwin 15.5.0
18 error argv "/usr/local/Cellar/node/7.7.3/bin/node" "/usr/local/bin/npm" "start"
19 error node v7.7.3
20 error npm  v4.1.2
21 error code ELIFECYCLE
22 error redux-easy-boilerplate@1.3.3 start: `node bin/server.js`
22 error Exit status 1
23 error Failed at the redux-easy-boilerplate@1.3.3 start script 'node bin/server.js'.
23 error Make sure you have the latest version of node.js and npm installed.
23 error If you do, this is most likely a problem with the redux-easy-boilerplate package,
23 error not with npm itself.
23 error Tell the author that this fails on your system:
23 error     node bin/server.js
23 error You can get information on how to open an issue for this project with:
23 error     npm bugs redux-easy-boilerplate
23 error Or if that isn't available, you can get their info via:
23 error     npm owner ls redux-easy-boilerplate
23 error There is likely additional logging output above.
24 verbose exit [ 1, true ]
